<?xml version="1.0" encoding="UTF-8"?>
<!-- Generated by org.testng.reporters.JUnitReportReporter -->
<testsuite hostname="DESKTOP-QFADL1A" failures="0" tests="2" name="ForLoopTask" time="0.987" errors="0" timestamp="2025-07-09T21:31:42 EET" skipped="0">
  <testcase classname="ForLoopTask" name="login" time="0.460"/>
  <testcase classname="ForLoopTask" name="AddAllItemsToTheCart" time="0.527"/>
</testsuite> <!-- ForLoopTask -->
